{"/Users/andreamendoza/Documents/Septimo Semestre/Arquitectura de Software/proyecto-arqui/src/CalculadoraDeFecha.js": {"path":"/Users/andreamendoza/Documents/Septimo Semestre/Arquitectura de Software/proyecto-arqui/src/CalculadoraDeFecha.js","statementMap":{"0":{"start":{"line":3,"column":28},"end":{"line":3,"column":42}},"1":{"start":{"line":4,"column":8},"end":{"line":4,"column":29}},"2":{"start":{"line":8,"column":19},"end":{"line":8,"column":35}},"3":{"start":{"line":9,"column":8},"end":{"line":11,"column":9}},"4":{"start":{"line":10,"column":12},"end":{"line":10,"column":22}},"5":{"start":{"line":12,"column":8},"end":{"line":16,"column":22}},"6":{"start":{"line":13,"column":12},"end":{"line":13,"column":22}},"7":{"start":{"line":16,"column":12},"end":{"line":16,"column":22}},"8":{"start":{"line":19,"column":8},"end":{"line":25,"column":9}},"9":{"start":{"line":21,"column":12},"end":{"line":21,"column":24}},"10":{"start":{"line":24,"column":12},"end":{"line":24,"column":25}},"11":{"start":{"line":28,"column":8},"end":{"line":31,"column":9}},"12":{"start":{"line":29,"column":12},"end":{"line":29,"column":47}},"13":{"start":{"line":30,"column":12},"end":{"line":30,"column":29}},"14":{"start":{"line":32,"column":8},"end":{"line":32,"column":21}},"15":{"start":{"line":36,"column":8},"end":{"line":38,"column":9}},"16":{"start":{"line":37,"column":12},"end":{"line":37,"column":24}},"17":{"start":{"line":39,"column":8},"end":{"line":39,"column":21}}},"fnMap":{"0":{"name":"(anonymous_0)","decl":{"start":{"line":2,"column":4},"end":{"line":2,"column":5}},"loc":{"start":{"line":2,"column":36},"end":{"line":5,"column":5}},"line":2},"1":{"name":"(anonymous_1)","decl":{"start":{"line":7,"column":4},"end":{"line":7,"column":5}},"loc":{"start":{"line":7,"column":43},"end":{"line":17,"column":5}},"line":7},"2":{"name":"(anonymous_2)","decl":{"start":{"line":18,"column":4},"end":{"line":18,"column":5}},"loc":{"start":{"line":18,"column":27},"end":{"line":26,"column":5}},"line":18},"3":{"name":"(anonymous_3)","decl":{"start":{"line":27,"column":4},"end":{"line":27,"column":5}},"loc":{"start":{"line":27,"column":34},"end":{"line":33,"column":5}},"line":27},"4":{"name":"(anonymous_4)","decl":{"start":{"line":35,"column":4},"end":{"line":35,"column":5}},"loc":{"start":{"line":35,"column":29},"end":{"line":40,"column":5}},"line":35}},"branchMap":{"0":{"loc":{"start":{"line":9,"column":8},"end":{"line":11,"column":9}},"type":"if","locations":[{"start":{"line":9,"column":8},"end":{"line":11,"column":9}},{"start":{"line":9,"column":8},"end":{"line":11,"column":9}}],"line":9},"1":{"loc":{"start":{"line":9,"column":11},"end":{"line":9,"column":98}},"type":"binary-expr","locations":[{"start":{"line":9,"column":11},"end":{"line":9,"column":20}},{"start":{"line":9,"column":24},"end":{"line":9,"column":33}},{"start":{"line":9,"column":37},"end":{"line":9,"column":46}},{"start":{"line":9,"column":50},"end":{"line":9,"column":59}},{"start":{"line":9,"column":63},"end":{"line":9,"column":72}},{"start":{"line":9,"column":76},"end":{"line":9,"column":85}},{"start":{"line":9,"column":89},"end":{"line":9,"column":98}}],"line":9},"2":{"loc":{"start":{"line":12,"column":8},"end":{"line":16,"column":22}},"type":"if","locations":[{"start":{"line":12,"column":8},"end":{"line":16,"column":22}},{"start":{"line":12,"column":8},"end":{"line":16,"column":22}}],"line":12},"3":{"loc":{"start":{"line":19,"column":8},"end":{"line":25,"column":9}},"type":"if","locations":[{"start":{"line":19,"column":8},"end":{"line":25,"column":9}},{"start":{"line":19,"column":8},"end":{"line":25,"column":9}}],"line":19},"4":{"loc":{"start":{"line":28,"column":8},"end":{"line":31,"column":9}},"type":"if","locations":[{"start":{"line":28,"column":8},"end":{"line":31,"column":9}},{"start":{"line":28,"column":8},"end":{"line":31,"column":9}}],"line":28},"5":{"loc":{"start":{"line":36,"column":8},"end":{"line":38,"column":9}},"type":"if","locations":[{"start":{"line":36,"column":8},"end":{"line":38,"column":9}},{"start":{"line":36,"column":8},"end":{"line":38,"column":9}}],"line":36}},"s":{"0":130,"1":104,"2":44,"3":73,"4":5,"5":68,"6":65,"7":54,"8":110,"9":21,"10":46,"11":2,"12":2,"13":32,"14":2,"15":61,"16":1,"17":30},"f":{"0":130,"1":78,"2":130,"3":2,"4":62},"b":{"0":[10,68],"1":[78,78,78,68,68,68,68],"2":[0,68],"3":[40,90],"4":[2,0],"5":[2,60]},"_coverageSchema":"332fd63041d2c1bcb487cc26dd0d5f7d97098a6c","hash":"bd5237e7947a6b6f9716903cae9de3ad363a9cac"}
,"/Users/andreamendoza/Documents/Septimo Semestre/Arquitectura de Software/proyecto-arqui/src/CalculadoraDeFechasDePago.js": {"path":"/Users/andreamendoza/Documents/Septimo Semestre/Arquitectura de Software/proyecto-arqui/src/CalculadoraDeFechasDePago.js","statementMap":{"0":{"start":{"line":5,"column":8},"end":{"line":5,"column":59}},"1":{"start":{"line":9,"column":26},"end":{"line":9,"column":44}},"2":{"start":{"line":10,"column":32},"end":{"line":10,"column":96}},"3":{"start":{"line":11,"column":8},"end":{"line":13,"column":9}},"4":{"start":{"line":12,"column":12},"end":{"line":12,"column":53}},"5":{"start":{"line":14,"column":8},"end":{"line":14,"column":42}},"6":{"start":{"line":20,"column":8},"end":{"line":20,"column":59}},"7":{"start":{"line":24,"column":26},"end":{"line":24,"column":44}},"8":{"start":{"line":25,"column":22},"end":{"line":25,"column":43}},"9":{"start":{"line":26,"column":8},"end":{"line":28,"column":9}},"10":{"start":{"line":27,"column":12},"end":{"line":27,"column":45}},"11":{"start":{"line":29,"column":8},"end":{"line":29,"column":42}},"12":{"start":{"line":36,"column":8},"end":{"line":36,"column":59}},"13":{"start":{"line":40,"column":26},"end":{"line":40,"column":44}},"14":{"start":{"line":41,"column":21},"end":{"line":41,"column":22}},"15":{"start":{"line":42,"column":22},"end":{"line":42,"column":43}},"16":{"start":{"line":43,"column":8},"end":{"line":52,"column":9}},"17":{"start":{"line":44,"column":12},"end":{"line":46,"column":13}},"18":{"start":{"line":45,"column":16},"end":{"line":45,"column":25}},"19":{"start":{"line":47,"column":13},"end":{"line":50,"column":14}},"20":{"start":{"line":48,"column":15},"end":{"line":48,"column":76}},"21":{"start":{"line":49,"column":15},"end":{"line":49,"column":27}},"22":{"start":{"line":51,"column":12},"end":{"line":51,"column":45}},"23":{"start":{"line":53,"column":8},"end":{"line":53,"column":41}},"24":{"start":{"line":54,"column":8},"end":{"line":54,"column":42}}},"fnMap":{"0":{"name":"(anonymous_0)","decl":{"start":{"line":4,"column":4},"end":{"line":4,"column":5}},"loc":{"start":{"line":4,"column":22},"end":{"line":6,"column":5}},"line":4},"1":{"name":"(anonymous_1)","decl":{"start":{"line":8,"column":4},"end":{"line":8,"column":5}},"loc":{"start":{"line":8,"column":25},"end":{"line":15,"column":5}},"line":8},"2":{"name":"(anonymous_2)","decl":{"start":{"line":19,"column":4},"end":{"line":19,"column":5}},"loc":{"start":{"line":19,"column":22},"end":{"line":21,"column":5}},"line":19},"3":{"name":"(anonymous_3)","decl":{"start":{"line":23,"column":4},"end":{"line":23,"column":5}},"loc":{"start":{"line":23,"column":25},"end":{"line":30,"column":5}},"line":23},"4":{"name":"(anonymous_4)","decl":{"start":{"line":35,"column":4},"end":{"line":35,"column":5}},"loc":{"start":{"line":35,"column":22},"end":{"line":37,"column":5}},"line":35},"5":{"name":"(anonymous_5)","decl":{"start":{"line":39,"column":4},"end":{"line":39,"column":5}},"loc":{"start":{"line":39,"column":25},"end":{"line":55,"column":5}},"line":39}},"branchMap":{"0":{"loc":{"start":{"line":44,"column":12},"end":{"line":46,"column":13}},"type":"if","locations":[{"start":{"line":44,"column":12},"end":{"line":46,"column":13}},{"start":{"line":44,"column":12},"end":{"line":46,"column":13}}],"line":44},"1":{"loc":{"start":{"line":47,"column":13},"end":{"line":50,"column":14}},"type":"if","locations":[{"start":{"line":47,"column":13},"end":{"line":50,"column":14}},{"start":{"line":47,"column":13},"end":{"line":50,"column":14}}],"line":47}},"s":{"0":14,"1":10,"2":20,"3":10,"4":17,"5":10,"6":11,"7":10,"8":7,"9":10,"10":40,"11":15,"12":33,"13":6,"14":6,"15":36,"16":10,"17":36,"18":10,"19":31,"20":1,"21":1,"22":31,"23":5,"24":5},"f":{"0":14,"1":10,"2":4,"3":10,"4":4,"5":10},"b":{"0":[20,42],"1":[2,60]},"_coverageSchema":"332fd63041d2c1bcb487cc26dd0d5f7d97098a6c","hash":"bc4bb004e3339e560f6e221e8111e10cbe0193c3"}
,"/Users/andreamendoza/Documents/Septimo Semestre/Arquitectura de Software/proyecto-arqui/src/CalculadoraDeSalarioFijo.js": {"path":"/Users/andreamendoza/Documents/Septimo Semestre/Arquitectura de Software/proyecto-arqui/src/CalculadoraDeSalarioFijo.js","statementMap":{"0":{"start":{"line":5,"column":8},"end":{"line":5,"column":31}},"1":{"start":{"line":6,"column":8},"end":{"line":6,"column":67}},"2":{"start":{"line":7,"column":8},"end":{"line":7,"column":63}},"3":{"start":{"line":11,"column":8},"end":{"line":16,"column":9}},"4":{"start":{"line":12,"column":12},"end":{"line":12,"column":32}},"5":{"start":{"line":15,"column":12},"end":{"line":15,"column":54}},"6":{"start":{"line":21,"column":34},"end":{"line":21,"column":98}},"7":{"start":{"line":22,"column":28},"end":{"line":22,"column":61}},"8":{"start":{"line":24,"column":8},"end":{"line":24,"column":97}},"9":{"start":{"line":26,"column":8},"end":{"line":26,"column":35}}},"fnMap":{"0":{"name":"(anonymous_0)","decl":{"start":{"line":4,"column":4},"end":{"line":4,"column":5}},"loc":{"start":{"line":4,"column":52},"end":{"line":8,"column":5}},"line":4},"1":{"name":"(anonymous_1)","decl":{"start":{"line":10,"column":4},"end":{"line":10,"column":5}},"loc":{"start":{"line":10,"column":21},"end":{"line":17,"column":5}},"line":10},"2":{"name":"(anonymous_2)","decl":{"start":{"line":19,"column":4},"end":{"line":19,"column":5}},"loc":{"start":{"line":19,"column":33},"end":{"line":27,"column":5}},"line":19}},"branchMap":{"0":{"loc":{"start":{"line":11,"column":8},"end":{"line":16,"column":9}},"type":"if","locations":[{"start":{"line":11,"column":8},"end":{"line":16,"column":9}},{"start":{"line":11,"column":8},"end":{"line":16,"column":9}}],"line":11}},"s":{"0":12,"1":12,"2":12,"3":20,"4":16,"5":4,"6":4,"7":4,"8":2,"9":2},"f":{"0":12,"1":20,"2":4},"b":{"0":[16,4]},"_coverageSchema":"332fd63041d2c1bcb487cc26dd0d5f7d97098a6c","hash":"ae4fa70477c4d25653154c68bbfb0c362791631d"}
,"/Users/andreamendoza/Documents/Septimo Semestre/Arquitectura de Software/proyecto-arqui/src/CalculadoraDeSalarioPorComision.js": {"path":"/Users/andreamendoza/Documents/Septimo Semestre/Arquitectura de Software/proyecto-arqui/src/CalculadoraDeSalarioPorComision.js","statementMap":{"0":{"start":{"line":3,"column":8},"end":{"line":3,"column":39}},"1":{"start":{"line":4,"column":8},"end":{"line":4,"column":57}},"2":{"start":{"line":5,"column":8},"end":{"line":5,"column":27}},"3":{"start":{"line":6,"column":8},"end":{"line":6,"column":48}},"4":{"start":{"line":10,"column":26},"end":{"line":10,"column":54}},"5":{"start":{"line":11,"column":8},"end":{"line":11,"column":88}},"6":{"start":{"line":15,"column":18},"end":{"line":15,"column":19}},"7":{"start":{"line":16,"column":8},"end":{"line":18,"column":9}},"8":{"start":{"line":17,"column":12},"end":{"line":17,"column":79}},"9":{"start":{"line":19,"column":8},"end":{"line":19,"column":21}}},"fnMap":{"0":{"name":"(anonymous_0)","decl":{"start":{"line":2,"column":4},"end":{"line":2,"column":5}},"loc":{"start":{"line":2,"column":73},"end":{"line":7,"column":5}},"line":2},"1":{"name":"(anonymous_1)","decl":{"start":{"line":9,"column":4},"end":{"line":9,"column":5}},"loc":{"start":{"line":9,"column":21},"end":{"line":12,"column":5}},"line":9},"2":{"name":"(anonymous_2)","decl":{"start":{"line":14,"column":4},"end":{"line":14,"column":5}},"loc":{"start":{"line":14,"column":27},"end":{"line":20,"column":5}},"line":14}},"branchMap":{},"s":{"0":4,"1":4,"2":4,"3":4,"4":4,"5":4,"6":4,"7":4,"8":2,"9":2},"f":{"0":4,"1":4,"2":4},"b":{},"_coverageSchema":"332fd63041d2c1bcb487cc26dd0d5f7d97098a6c","hash":"c232b51693fe4a3500dcf6aabd3bcbeeb25d7009"}
,"/Users/andreamendoza/Documents/Septimo Semestre/Arquitectura de Software/proyecto-arqui/src/CalculadoraDeSalarioPorHora.js": {"path":"/Users/andreamendoza/Documents/Septimo Semestre/Arquitectura de Software/proyecto-arqui/src/CalculadoraDeSalarioPorHora.js","statementMap":{"0":{"start":{"line":3,"column":8},"end":{"line":3,"column":45}},"1":{"start":{"line":4,"column":8},"end":{"line":4,"column":57}},"2":{"start":{"line":8,"column":30},"end":{"line":8,"column":60}},"3":{"start":{"line":9,"column":8},"end":{"line":9,"column":128}},"4":{"start":{"line":13,"column":8},"end":{"line":16,"column":21}},"5":{"start":{"line":14,"column":12},"end":{"line":14,"column":35}},"6":{"start":{"line":16,"column":12},"end":{"line":16,"column":21}},"7":{"start":{"line":20,"column":26},"end":{"line":20,"column":45}},"8":{"start":{"line":21,"column":32},"end":{"line":21,"column":57}},"9":{"start":{"line":23,"column":8},"end":{"line":28,"column":9}},"10":{"start":{"line":24,"column":12},"end":{"line":24,"column":21}},"11":{"start":{"line":27,"column":12},"end":{"line":27,"column":49}},"12":{"start":{"line":33,"column":8},"end":{"line":35,"column":9}},"13":{"start":{"line":34,"column":12},"end":{"line":34,"column":85}},"14":{"start":{"line":36,"column":8},"end":{"line":36,"column":31}}},"fnMap":{"0":{"name":"(anonymous_0)","decl":{"start":{"line":2,"column":4},"end":{"line":2,"column":5}},"loc":{"start":{"line":2,"column":53},"end":{"line":5,"column":5}},"line":2},"1":{"name":"(anonymous_1)","decl":{"start":{"line":7,"column":4},"end":{"line":7,"column":5}},"loc":{"start":{"line":7,"column":21},"end":{"line":10,"column":5}},"line":7},"2":{"name":"(anonymous_2)","decl":{"start":{"line":12,"column":4},"end":{"line":12,"column":5}},"loc":{"start":{"line":12,"column":53},"end":{"line":17,"column":5}},"line":12},"3":{"name":"(anonymous_3)","decl":{"start":{"line":19,"column":4},"end":{"line":19,"column":5}},"loc":{"start":{"line":19,"column":36},"end":{"line":29,"column":5}},"line":19},"4":{"name":"(anonymous_4)","decl":{"start":{"line":31,"column":4},"end":{"line":31,"column":5}},"loc":{"start":{"line":31,"column":29},"end":{"line":37,"column":5}},"line":31}},"branchMap":{"0":{"loc":{"start":{"line":13,"column":8},"end":{"line":16,"column":21}},"type":"if","locations":[{"start":{"line":13,"column":8},"end":{"line":16,"column":21}},{"start":{"line":13,"column":8},"end":{"line":16,"column":21}}],"line":13},"1":{"loc":{"start":{"line":23,"column":8},"end":{"line":28,"column":9}},"type":"if","locations":[{"start":{"line":23,"column":8},"end":{"line":28,"column":9}},{"start":{"line":23,"column":8},"end":{"line":28,"column":9}}],"line":23}},"s":{"0":8,"1":8,"2":10,"3":10,"4":9,"5":5,"6":6,"7":9,"8":6,"9":10,"10":9,"11":6,"12":5,"13":5,"14":5},"f":{"0":8,"1":10,"2":10,"3":10,"4":10},"b":{"0":[8,2],"1":[8,2]},"_coverageSchema":"332fd63041d2c1bcb487cc26dd0d5f7d97098a6c","hash":"d2f10e03092ed99acc28aaa561c6cab89702ca1f"}
,"/Users/andreamendoza/Documents/Septimo Semestre/Arquitectura de Software/proyecto-arqui/src/Empleado.js": {"path":"/Users/andreamendoza/Documents/Septimo Semestre/Arquitectura de Software/proyecto-arqui/src/Empleado.js","statementMap":{"0":{"start":{"line":3,"column":8},"end":{"line":3,"column":43}},"1":{"start":{"line":4,"column":8},"end":{"line":4,"column":19}},"2":{"start":{"line":5,"column":8},"end":{"line":5,"column":57}},"3":{"start":{"line":6,"column":8},"end":{"line":6,"column":41}},"4":{"start":{"line":7,"column":8},"end":{"line":7,"column":45}},"5":{"start":{"line":8,"column":8},"end":{"line":8,"column":39}},"6":{"start":{"line":9,"column":8},"end":{"line":9,"column":46}},"7":{"start":{"line":12,"column":8},"end":{"line":12,"column":41}},"8":{"start":{"line":15,"column":8},"end":{"line":15,"column":39}},"9":{"start":{"line":18,"column":8},"end":{"line":18,"column":59}},"10":{"start":{"line":22,"column":8},"end":{"line":22,"column":33}},"11":{"start":{"line":26,"column":8},"end":{"line":26,"column":35}},"12":{"start":{"line":30,"column":8},"end":{"line":30,"column":38}},"13":{"start":{"line":33,"column":8},"end":{"line":33,"column":35}},"14":{"start":{"line":37,"column":8},"end":{"line":37,"column":27}}},"fnMap":{"0":{"name":"(anonymous_0)","decl":{"start":{"line":2,"column":4},"end":{"line":2,"column":5}},"loc":{"start":{"line":2,"column":98},"end":{"line":10,"column":5}},"line":2},"1":{"name":"(anonymous_1)","decl":{"start":{"line":11,"column":4},"end":{"line":11,"column":5}},"loc":{"start":{"line":11,"column":12},"end":{"line":13,"column":5}},"line":11},"2":{"name":"(anonymous_2)","decl":{"start":{"line":14,"column":4},"end":{"line":14,"column":5}},"loc":{"start":{"line":14,"column":36},"end":{"line":16,"column":5}},"line":14},"3":{"name":"(anonymous_3)","decl":{"start":{"line":17,"column":4},"end":{"line":17,"column":5}},"loc":{"start":{"line":17,"column":21},"end":{"line":19,"column":5}},"line":17},"4":{"name":"(anonymous_4)","decl":{"start":{"line":21,"column":4},"end":{"line":21,"column":5}},"loc":{"start":{"line":21,"column":27},"end":{"line":23,"column":5}},"line":21},"5":{"name":"(anonymous_5)","decl":{"start":{"line":25,"column":4},"end":{"line":25,"column":5}},"loc":{"start":{"line":25,"column":19},"end":{"line":27,"column":5}},"line":25},"6":{"name":"(anonymous_6)","decl":{"start":{"line":29,"column":4},"end":{"line":29,"column":5}},"loc":{"start":{"line":29,"column":19},"end":{"line":31,"column":5}},"line":29},"7":{"name":"(anonymous_7)","decl":{"start":{"line":32,"column":4},"end":{"line":32,"column":5}},"loc":{"start":{"line":32,"column":27},"end":{"line":34,"column":5}},"line":32},"8":{"name":"(anonymous_8)","decl":{"start":{"line":36,"column":4},"end":{"line":36,"column":5}},"loc":{"start":{"line":36,"column":19},"end":{"line":38,"column":5}},"line":36}},"branchMap":{},"s":{"0":24,"1":24,"2":24,"3":24,"4":24,"5":24,"6":24,"7":6,"8":6,"9":34,"10":0,"11":12,"12":20,"13":4,"14":0},"f":{"0":24,"1":6,"2":6,"3":34,"4":0,"5":12,"6":20,"7":4,"8":0},"b":{},"_coverageSchema":"332fd63041d2c1bcb487cc26dd0d5f7d97098a6c","hash":"3cb7967b113d298ff22fa9c3860786bdda4fcbb8"}
,"/Users/andreamendoza/Documents/Septimo Semestre/Arquitectura de Software/proyecto-arqui/src/GeneradorDeBoleta.js": {"path":"/Users/andreamendoza/Documents/Septimo Semestre/Arquitectura de Software/proyecto-arqui/src/GeneradorDeBoleta.js","statementMap":{"0":{"start":{"line":8,"column":8},"end":{"line":15,"column":9}},"1":{"start":{"line":9,"column":12},"end":{"line":9,"column":81}},"2":{"start":{"line":10,"column":12},"end":{"line":10,"column":105}},"3":{"start":{"line":11,"column":12},"end":{"line":11,"column":68}},"4":{"start":{"line":14,"column":12},"end":{"line":14,"column":137}},"5":{"start":{"line":17,"column":8},"end":{"line":17,"column":22}},"6":{"start":{"line":21,"column":22},"end":{"line":21,"column":24}},"7":{"start":{"line":22,"column":8},"end":{"line":24,"column":9}},"8":{"start":{"line":23,"column":12},"end":{"line":23,"column":131}},"9":{"start":{"line":25,"column":8},"end":{"line":25,"column":23}}},"fnMap":{"0":{"name":"(anonymous_0)","decl":{"start":{"line":3,"column":4},"end":{"line":3,"column":5}},"loc":{"start":{"line":3,"column":17},"end":{"line":4,"column":5}},"line":3},"1":{"name":"(anonymous_1)","decl":{"start":{"line":6,"column":4},"end":{"line":6,"column":5}},"loc":{"start":{"line":6,"column":64},"end":{"line":18,"column":5}},"line":6},"2":{"name":"(anonymous_2)","decl":{"start":{"line":20,"column":4},"end":{"line":20,"column":5}},"loc":{"start":{"line":20,"column":48},"end":{"line":26,"column":5}},"line":20}},"branchMap":{"0":{"loc":{"start":{"line":8,"column":8},"end":{"line":15,"column":9}},"type":"if","locations":[{"start":{"line":8,"column":8},"end":{"line":15,"column":9}},{"start":{"line":8,"column":8},"end":{"line":15,"column":9}}],"line":8}},"s":{"0":12,"1":8,"2":8,"3":8,"4":4,"5":12,"6":2,"7":4,"8":4,"9":1},"f":{"0":8,"1":12,"2":2},"b":{"0":[8,4]},"_coverageSchema":"332fd63041d2c1bcb487cc26dd0d5f7d97098a6c","hash":"2cf62699d9bf716ea71f3386e9db1ec12374a9a6"}
,"/Users/andreamendoza/Documents/Septimo Semestre/Arquitectura de Software/proyecto-arqui/src/MetodoDePago.js": {"path":"/Users/andreamendoza/Documents/Septimo Semestre/Arquitectura de Software/proyecto-arqui/src/MetodoDePago.js","statementMap":{"0":{"start":{"line":3,"column":8},"end":{"line":3,"column":59}},"1":{"start":{"line":4,"column":8},"end":{"line":4,"column":31}},"2":{"start":{"line":7,"column":8},"end":{"line":7,"column":35}},"3":{"start":{"line":11,"column":8},"end":{"line":11,"column":81}},"4":{"start":{"line":12,"column":8},"end":{"line":12,"column":83}},"5":{"start":{"line":13,"column":8},"end":{"line":13,"column":22}},"6":{"start":{"line":18,"column":8},"end":{"line":18,"column":31}},"7":{"start":{"line":21,"column":8},"end":{"line":21,"column":41}},"8":{"start":{"line":24,"column":8},"end":{"line":24,"column":137}},"9":{"start":{"line":31,"column":8},"end":{"line":31,"column":33}},"10":{"start":{"line":34,"column":8},"end":{"line":34,"column":38}},"11":{"start":{"line":37,"column":8},"end":{"line":37,"column":95}}},"fnMap":{"0":{"name":"(anonymous_0)","decl":{"start":{"line":2,"column":4},"end":{"line":2,"column":5}},"loc":{"start":{"line":2,"column":48},"end":{"line":5,"column":5}},"line":2},"1":{"name":"(anonymous_1)","decl":{"start":{"line":6,"column":4},"end":{"line":6,"column":5}},"loc":{"start":{"line":6,"column":11},"end":{"line":8,"column":5}},"line":6},"2":{"name":"(anonymous_2)","decl":{"start":{"line":9,"column":4},"end":{"line":9,"column":5}},"loc":{"start":{"line":9,"column":18},"end":{"line":14,"column":5}},"line":9},"3":{"name":"(anonymous_3)","decl":{"start":{"line":17,"column":4},"end":{"line":17,"column":5}},"loc":{"start":{"line":17,"column":25},"end":{"line":19,"column":4}},"line":17},"4":{"name":"(anonymous_4)","decl":{"start":{"line":20,"column":4},"end":{"line":20,"column":5}},"loc":{"start":{"line":20,"column":11},"end":{"line":22,"column":5}},"line":20},"5":{"name":"(anonymous_5)","decl":{"start":{"line":23,"column":4},"end":{"line":23,"column":5}},"loc":{"start":{"line":23,"column":24},"end":{"line":25,"column":5}},"line":23},"6":{"name":"(anonymous_6)","decl":{"start":{"line":30,"column":4},"end":{"line":30,"column":5}},"loc":{"start":{"line":30,"column":26},"end":{"line":32,"column":5}},"line":30},"7":{"name":"(anonymous_7)","decl":{"start":{"line":33,"column":4},"end":{"line":33,"column":5}},"loc":{"start":{"line":33,"column":11},"end":{"line":35,"column":5}},"line":33},"8":{"name":"(anonymous_8)","decl":{"start":{"line":36,"column":4},"end":{"line":36,"column":5}},"loc":{"start":{"line":36,"column":22},"end":{"line":38,"column":5}},"line":36}},"branchMap":{},"s":{"0":4,"1":4,"2":2,"3":4,"4":4,"5":4,"6":4,"7":2,"8":4,"9":4,"10":2,"11":4},"f":{"0":4,"1":2,"2":4,"3":4,"4":2,"5":4,"6":4,"7":2,"8":4},"b":{},"_coverageSchema":"332fd63041d2c1bcb487cc26dd0d5f7d97098a6c","hash":"e8fe02b71aa3925b45a9fa25273cadf82bc9c108"}
,"/Users/andreamendoza/Documents/Septimo Semestre/Arquitectura de Software/proyecto-arqui/src/PersistenciaDatosJSON.js": {"path":"/Users/andreamendoza/Documents/Septimo Semestre/Arquitectura de Software/proyecto-arqui/src/PersistenciaDatosJSON.js","statementMap":{"0":{"start":{"line":4,"column":19},"end":{"line":4,"column":40}},"1":{"start":{"line":5,"column":17},"end":{"line":5,"column":30}},"2":{"start":{"line":6,"column":25},"end":{"line":6,"column":72}},"3":{"start":{"line":6,"column":40},"end":{"line":6,"column":71}},"4":{"start":{"line":7,"column":8},"end":{"line":7,"column":70}},"5":{"start":{"line":11,"column":17},"end":{"line":11,"column":30}},"6":{"start":{"line":12,"column":22},"end":{"line":12,"column":62}},"7":{"start":{"line":13,"column":25},"end":{"line":13,"column":44}},"8":{"start":{"line":15,"column":8},"end":{"line":15,"column":26}},"9":{"start":{"line":21,"column":8},"end":{"line":21,"column":45}},"10":{"start":{"line":25,"column":8},"end":{"line":25,"column":75}},"11":{"start":{"line":29,"column":20},"end":{"line":29,"column":66}},"12":{"start":{"line":30,"column":8},"end":{"line":30,"column":21}},"13":{"start":{"line":36,"column":8},"end":{"line":36,"column":41}},"14":{"start":{"line":40,"column":8},"end":{"line":40,"column":71}},"15":{"start":{"line":44,"column":20},"end":{"line":44,"column":64}},"16":{"start":{"line":45,"column":8},"end":{"line":45,"column":21}}},"fnMap":{"0":{"name":"(anonymous_0)","decl":{"start":{"line":3,"column":4},"end":{"line":3,"column":5}},"loc":{"start":{"line":3,"column":49},"end":{"line":8,"column":5}},"line":3},"1":{"name":"(anonymous_1)","decl":{"start":{"line":6,"column":25},"end":{"line":6,"column":26}},"loc":{"start":{"line":6,"column":40},"end":{"line":6,"column":71}},"line":6},"2":{"name":"(anonymous_2)","decl":{"start":{"line":10,"column":4},"end":{"line":10,"column":5}},"loc":{"start":{"line":10,"column":39},"end":{"line":16,"column":5}},"line":10},"3":{"name":"(anonymous_3)","decl":{"start":{"line":20,"column":4},"end":{"line":20,"column":5}},"loc":{"start":{"line":20,"column":56},"end":{"line":22,"column":5}},"line":20},"4":{"name":"(anonymous_4)","decl":{"start":{"line":24,"column":4},"end":{"line":24,"column":5}},"loc":{"start":{"line":24,"column":43},"end":{"line":26,"column":5}},"line":24},"5":{"name":"(anonymous_5)","decl":{"start":{"line":28,"column":4},"end":{"line":28,"column":5}},"loc":{"start":{"line":28,"column":24},"end":{"line":31,"column":5}},"line":28},"6":{"name":"(anonymous_6)","decl":{"start":{"line":35,"column":4},"end":{"line":35,"column":5}},"loc":{"start":{"line":35,"column":52},"end":{"line":37,"column":5}},"line":35},"7":{"name":"(anonymous_7)","decl":{"start":{"line":39,"column":4},"end":{"line":39,"column":5}},"loc":{"start":{"line":39,"column":41},"end":{"line":41,"column":5}},"line":39},"8":{"name":"(anonymous_8)","decl":{"start":{"line":43,"column":4},"end":{"line":43,"column":5}},"loc":{"start":{"line":43,"column":24},"end":{"line":46,"column":5}},"line":43}},"branchMap":{},"s":{"0":0,"1":0,"2":0,"3":1,"4":0,"5":1,"6":2,"7":1,"8":1,"9":0,"10":0,"11":1,"12":1,"13":0,"14":0,"15":0,"16":0},"f":{"0":0,"1":0,"2":2,"3":0,"4":0,"5":2,"6":0,"7":0,"8":0},"b":{},"_coverageSchema":"332fd63041d2c1bcb487cc26dd0d5f7d97098a6c","hash":"ce123eeb75b091aa40cd8e0d3350ee7cefcbe00d"}
,"/Users/andreamendoza/Documents/Septimo Semestre/Arquitectura de Software/proyecto-arqui/src/TarjetaDeAsistencia.js": {"path":"/Users/andreamendoza/Documents/Septimo Semestre/Arquitectura de Software/proyecto-arqui/src/TarjetaDeAsistencia.js","statementMap":{"0":{"start":{"line":3,"column":8},"end":{"line":3,"column":25}},"1":{"start":{"line":4,"column":8},"end":{"line":4,"column":30}},"2":{"start":{"line":5,"column":8},"end":{"line":5,"column":28}},"3":{"start":{"line":8,"column":8},"end":{"line":8,"column":41}},"4":{"start":{"line":11,"column":8},"end":{"line":11,"column":39}},"5":{"start":{"line":14,"column":8},"end":{"line":14,"column":56}}},"fnMap":{"0":{"name":"(anonymous_0)","decl":{"start":{"line":2,"column":4},"end":{"line":2,"column":5}},"loc":{"start":{"line":2,"column":22},"end":{"line":6,"column":5}},"line":2},"1":{"name":"(anonymous_1)","decl":{"start":{"line":7,"column":4},"end":{"line":7,"column":5}},"loc":{"start":{"line":7,"column":39},"end":{"line":9,"column":5}},"line":7},"2":{"name":"(anonymous_2)","decl":{"start":{"line":10,"column":4},"end":{"line":10,"column":5}},"loc":{"start":{"line":10,"column":37},"end":{"line":12,"column":5}},"line":10},"3":{"name":"(anonymous_3)","decl":{"start":{"line":13,"column":4},"end":{"line":13,"column":5}},"loc":{"start":{"line":13,"column":29},"end":{"line":15,"column":5}},"line":13}},"branchMap":{},"s":{"0":10,"1":10,"2":10,"3":12,"4":12,"5":12},"f":{"0":10,"1":12,"2":12,"3":12},"b":{},"_coverageSchema":"332fd63041d2c1bcb487cc26dd0d5f7d97098a6c","hash":"a14887de96a3903576a04025b1b74b358fb63aa0"}
,"/Users/andreamendoza/Documents/Septimo Semestre/Arquitectura de Software/proyecto-arqui/src/TarjetaDeVentas.js": {"path":"/Users/andreamendoza/Documents/Septimo Semestre/Arquitectura de Software/proyecto-arqui/src/TarjetaDeVentas.js","statementMap":{"0":{"start":{"line":3,"column":8},"end":{"line":3,"column":25}},"1":{"start":{"line":4,"column":8},"end":{"line":4,"column":47}},"2":{"start":{"line":8,"column":8},"end":{"line":8,"column":37}}},"fnMap":{"0":{"name":"(anonymous_0)","decl":{"start":{"line":2,"column":4},"end":{"line":2,"column":5}},"loc":{"start":{"line":2,"column":41},"end":{"line":6,"column":5}},"line":2},"1":{"name":"(anonymous_1)","decl":{"start":{"line":7,"column":4},"end":{"line":7,"column":5}},"loc":{"start":{"line":7,"column":26},"end":{"line":9,"column":5}},"line":7}},"branchMap":{},"s":{"0":4,"1":4,"2":4},"f":{"0":4,"1":4},"b":{},"_coverageSchema":"332fd63041d2c1bcb487cc26dd0d5f7d97098a6c","hash":"d8addb61fe91a40e441da408ba2c7663868c33e6"}
}
