TN:
SF:/Users/andreamendoza/Documents/Septimo Semestre/Arquitectura de Software/proyecto-arqui/src/CalculadoraDeFecha.js
FN:2,(anonymous_0)
FN:7,(anonymous_1)
FN:18,(anonymous_2)
FN:27,(anonymous_3)
FN:35,(anonymous_4)
FNF:5
FNH:5
FNDA:130,(anonymous_0)
FNDA:78,(anonymous_1)
FNDA:130,(anonymous_2)
FNDA:2,(anonymous_3)
FNDA:62,(anonymous_4)
DA:3,130
DA:4,104
DA:8,44
DA:9,73
DA:10,5
DA:12,68
DA:13,65
DA:16,54
DA:19,110
DA:21,21
DA:24,46
DA:28,2
DA:29,2
DA:30,32
DA:32,2
DA:36,61
DA:37,1
DA:39,30
LF:18
LH:18
BRDA:9,0,0,10
BRDA:9,0,1,68
BRDA:9,1,0,78
BRDA:9,1,1,78
BRDA:9,1,2,78
BRDA:9,1,3,68
BRDA:9,1,4,68
BRDA:9,1,5,68
BRDA:9,1,6,68
BRDA:12,2,0,0
BRDA:12,2,1,68
BRDA:19,3,0,40
BRDA:19,3,1,90
BRDA:28,4,0,2
BRDA:28,4,1,0
BRDA:36,5,0,2
BRDA:36,5,1,60
BRF:17
BRH:15
end_of_record
TN:
SF:/Users/andreamendoza/Documents/Septimo Semestre/Arquitectura de Software/proyecto-arqui/src/CalculadoraDeFechasDePago.js
FN:4,(anonymous_0)
FN:8,(anonymous_1)
FN:19,(anonymous_2)
FN:23,(anonymous_3)
FN:35,(anonymous_4)
FN:39,(anonymous_5)
FNF:6
FNH:6
FNDA:14,(anonymous_0)
FNDA:10,(anonymous_1)
FNDA:4,(anonymous_2)
FNDA:10,(anonymous_3)
FNDA:4,(anonymous_4)
FNDA:10,(anonymous_5)
DA:5,14
DA:9,10
DA:10,20
DA:11,10
DA:12,17
DA:14,10
DA:20,11
DA:24,10
DA:25,7
DA:26,10
DA:27,40
DA:29,15
DA:36,33
DA:40,6
DA:41,6
DA:42,36
DA:43,10
DA:44,36
DA:45,10
DA:47,31
DA:48,1
DA:49,1
DA:51,31
DA:53,5
DA:54,5
LF:25
LH:25
BRDA:44,0,0,20
BRDA:44,0,1,42
BRDA:47,1,0,2
BRDA:47,1,1,60
BRF:4
BRH:4
end_of_record
TN:
SF:/Users/andreamendoza/Documents/Septimo Semestre/Arquitectura de Software/proyecto-arqui/src/CalculadoraDeSalarioFijo.js
FN:4,(anonymous_0)
FN:10,(anonymous_1)
FN:19,(anonymous_2)
FNF:3
FNH:3
FNDA:12,(anonymous_0)
FNDA:20,(anonymous_1)
FNDA:4,(anonymous_2)
DA:5,12
DA:6,12
DA:7,12
DA:11,20
DA:12,16
DA:15,4
DA:21,4
DA:22,4
DA:24,2
DA:26,2
LF:10
LH:10
BRDA:11,0,0,16
BRDA:11,0,1,4
BRF:2
BRH:2
end_of_record
TN:
SF:/Users/andreamendoza/Documents/Septimo Semestre/Arquitectura de Software/proyecto-arqui/src/CalculadoraDeSalarioPorComision.js
FN:2,(anonymous_0)
FN:9,(anonymous_1)
FN:14,(anonymous_2)
FNF:3
FNH:3
FNDA:4,(anonymous_0)
FNDA:4,(anonymous_1)
FNDA:4,(anonymous_2)
DA:3,4
DA:4,4
DA:5,4
DA:6,4
DA:10,4
DA:11,4
DA:15,4
DA:16,4
DA:17,2
DA:19,2
LF:10
LH:10
BRF:0
BRH:0
end_of_record
TN:
SF:/Users/andreamendoza/Documents/Septimo Semestre/Arquitectura de Software/proyecto-arqui/src/CalculadoraDeSalarioPorHora.js
FN:2,(anonymous_0)
FN:7,(anonymous_1)
FN:12,(anonymous_2)
FN:19,(anonymous_3)
FN:31,(anonymous_4)
FNF:5
FNH:5
FNDA:8,(anonymous_0)
FNDA:10,(anonymous_1)
FNDA:10,(anonymous_2)
FNDA:10,(anonymous_3)
FNDA:10,(anonymous_4)
DA:3,8
DA:4,8
DA:8,10
DA:9,10
DA:13,9
DA:14,5
DA:16,6
DA:20,9
DA:21,6
DA:23,10
DA:24,9
DA:27,6
DA:33,5
DA:34,5
DA:36,5
LF:15
LH:15
BRDA:13,0,0,8
BRDA:13,0,1,2
BRDA:23,1,0,8
BRDA:23,1,1,2
BRF:4
BRH:4
end_of_record
TN:
SF:/Users/andreamendoza/Documents/Septimo Semestre/Arquitectura de Software/proyecto-arqui/src/Empleado.js
FN:2,(anonymous_0)
FN:11,(anonymous_1)
FN:14,(anonymous_2)
FN:17,(anonymous_3)
FN:21,(anonymous_4)
FN:25,(anonymous_5)
FN:29,(anonymous_6)
FN:32,(anonymous_7)
FN:36,(anonymous_8)
FNF:9
FNH:7
FNDA:24,(anonymous_0)
FNDA:6,(anonymous_1)
FNDA:6,(anonymous_2)
FNDA:34,(anonymous_3)
FNDA:0,(anonymous_4)
FNDA:12,(anonymous_5)
FNDA:20,(anonymous_6)
FNDA:4,(anonymous_7)
FNDA:0,(anonymous_8)
DA:3,24
DA:4,24
DA:5,24
DA:6,24
DA:7,24
DA:8,24
DA:9,24
DA:12,6
DA:15,6
DA:18,34
DA:22,0
DA:26,12
DA:30,20
DA:33,4
DA:37,0
LF:15
LH:13
BRF:0
BRH:0
end_of_record
TN:
SF:/Users/andreamendoza/Documents/Septimo Semestre/Arquitectura de Software/proyecto-arqui/src/GeneradorDeBoleta.js
FN:3,(anonymous_0)
FN:6,(anonymous_1)
FN:20,(anonymous_2)
FNF:3
FNH:3
FNDA:8,(anonymous_0)
FNDA:12,(anonymous_1)
FNDA:2,(anonymous_2)
DA:8,12
DA:9,8
DA:10,8
DA:11,8
DA:14,4
DA:17,12
DA:21,2
DA:22,4
DA:23,4
DA:25,1
LF:10
LH:10
BRDA:8,0,0,8
BRDA:8,0,1,4
BRF:2
BRH:2
end_of_record
TN:
SF:/Users/andreamendoza/Documents/Septimo Semestre/Arquitectura de Software/proyecto-arqui/src/MetodoDePago.js
FN:2,(anonymous_0)
FN:6,(anonymous_1)
FN:9,(anonymous_2)
FN:17,(anonymous_3)
FN:20,(anonymous_4)
FN:23,(anonymous_5)
FN:30,(anonymous_6)
FN:33,(anonymous_7)
FN:36,(anonymous_8)
FNF:9
FNH:9
FNDA:4,(anonymous_0)
FNDA:2,(anonymous_1)
FNDA:4,(anonymous_2)
FNDA:4,(anonymous_3)
FNDA:2,(anonymous_4)
FNDA:4,(anonymous_5)
FNDA:4,(anonymous_6)
FNDA:2,(anonymous_7)
FNDA:4,(anonymous_8)
DA:3,4
DA:4,4
DA:7,2
DA:11,4
DA:12,4
DA:13,4
DA:18,4
DA:21,2
DA:24,4
DA:31,4
DA:34,2
DA:37,4
LF:12
LH:12
BRF:0
BRH:0
end_of_record
TN:
SF:/Users/andreamendoza/Documents/Septimo Semestre/Arquitectura de Software/proyecto-arqui/src/RepositorioJSON.js(anonymous_0)
FN:6,(anonymous_1)
FN:10,(anonymous_2)
FN:20,(anonymous_3)
FN:24,(anonymous_4)
FN:28,(anonymous_5)
FN:35,(anonymous_6)
FN:39,(anonymous_7)
FN:43,(anonymous_8)
FNF:9
FNH:2
FNDA:0,(anonymous_0)
FNDA:0,(anonymous_1)
FNDA:2,(anonymous_2)
FNDA:0,(anonymous_3)
FNDA:0,(anonymous_4)
FNDA:2,(anonymous_5)
FNDA:0,(anonymous_6)
FNDA:0,(anonymous_7)
FNDA:0,(anonymous_8)
DA:4,0
DA:5,0
DA:6,1
DA:7,0
DA:11,1
DA:12,2
DA:13,1
DA:15,1
DA:21,0
DA:25,0
DA:29,1
DA:30,1
DA:36,0
DA:40,0
DA:44,0
DA:45,0
LF:16
LH:7
BRF:0
BRH:0
end_of_record
TN:
SF:/Users/andreamendoza/Documents/Septimo Semestre/Arquitectura de Software/proyecto-arqui/src/TarjetaDeAsistencia.js
FN:2,(anonymous_0)
FN:7,(anonymous_1)
FN:10,(anonymous_2)
FN:13,(anonymous_3)
FNF:4
FNH:4
FNDA:10,(anonymous_0)
FNDA:12,(anonymous_1)
FNDA:12,(anonymous_2)
FNDA:12,(anonymous_3)
DA:3,10
DA:4,10
DA:5,10
DA:8,12
DA:11,12
DA:14,12
LF:6
LH:6
BRF:0
BRH:0
end_of_record
TN:
SF:/Users/andreamendoza/Documents/Septimo Semestre/Arquitectura de Software/proyecto-arqui/src/TarjetaDeVentas.js
FN:2,(anonymous_0)
FN:7,(anonymous_1)
FNF:2
FNH:2
FNDA:4,(anonymous_0)
FNDA:4,(anonymous_1)
DA:3,4
DA:4,4
DA:8,4
LF:3
LH:3
BRF:0
BRH:0
end_of_record
